<?xml version="1.0" encoding="UTF-8"?>
<!-- Generated by org.testng.reporters.JUnitReportReporter -->
<testsuite skipped="0" hostname="netstorm-TECRA-C50-C" name="com.crm.qa.testcases.ContactPageTest" tests="1" failures="0" timestamp="26 Feb 2018 18:43:11 GMT" time="16.833" errors="0">
  <testcase name="validateContactPageTest" time="16.833" classname="com.crm.qa.testcases.ContactPageTest"/>
</testsuite> <!-- com.crm.qa.testcases.ContactPageTest -->
