<?xml version="1.0" encoding="UTF-8"?>
<!-- Generated by org.testng.reporters.JUnitReportReporter -->
<testsuite skipped="0" hostname="netstorm-TECRA-C50-C" name="com.crm.qa.testcases.HomePageTest" tests="3" failures="0" timestamp="13 Feb 2018 12:14:12 GMT" time="60.225" errors="0">
  <testcase name="clickonCalenderLinkTest" time="25.944" classname="com.crm.qa.testcases.HomePageTest"/>
  <testcase name="validateHomePageTest" time="19.529" classname="com.crm.qa.testcases.HomePageTest"/>
  <testcase name="clickonContactLinkTest" time="14.752" classname="com.crm.qa.testcases.HomePageTest"/>
</testsuite> <!-- com.crm.qa.testcases.HomePageTest -->
