<?xml version="1.0" encoding="UTF-8"?>
<!-- Generated by org.testng.reporters.JUnitReportReporter -->
<testsuite skipped="0" hostname="netstorm-TECRA-C50-C" name="com.crm.qa.testcases.LoginPageTest" tests="2" failures="0" timestamp="25 Feb 2018 20:09:50 GMT" time="12.469" errors="0">
  <testcase name="crmLoginPageTitleTest" time="5.690" classname="com.crm.qa.testcases.LoginPageTest"/>
  <testcase name="crmLoginPageLogoTest" time="6.779" classname="com.crm.qa.testcases.LoginPageTest"/>
</testsuite> <!-- com.crm.qa.testcases.LoginPageTest -->
