<?xml version="1.0" encoding="UTF-8"?>
<!-- Generated by org.testng.reporters.JUnitReportReporter -->
<testsuite hostname="Pradyumnna-PC" name="com.crm.qa.testcases.HomePageTest" tests="5" failures="0" timestamp="6 May 2018 07:08:19 GMT" time="100.381" errors="0">
  <testcase name="clickonContactLinkTest" time="18.158" classname="com.crm.qa.testcases.HomePageTest"/>
  <testcase name="clickonDealsLinkTest" time="21.087" classname="com.crm.qa.testcases.HomePageTest"/>
  <testcase name="validateHomePageTest" time="18.997" classname="com.crm.qa.testcases.HomePageTest"/>
  <testcase name="clickonCompaniesLinkTest" time="21.188" classname="com.crm.qa.testcases.HomePageTest"/>
  <testcase name="clickonCalenderLinkTest" time="20.951" classname="com.crm.qa.testcases.HomePageTest"/>
</testsuite> <!-- com.crm.qa.testcases.HomePageTest -->
