<?xml version="1.0" encoding="UTF-8"?>
<!-- Generated by org.testng.reporters.JUnitReportReporter -->
<testsuite skipped="0" hostname="netstorm-TECRA-C50-C" name="com.crm.qa.testcases.HomePageTest" tests="5" failures="0" timestamp="26 Feb 2018 19:38:07 GMT" time="86.662" errors="0">
  <testcase name="validateHomePageTest" time="20.239" classname="com.crm.qa.testcases.HomePageTest"/>
  <testcase name="clickonCalenderLinkTest" time="16.970" classname="com.crm.qa.testcases.HomePageTest"/>
  <testcase name="clickonCompaniesLinkTest" time="15.489" classname="com.crm.qa.testcases.HomePageTest"/>
  <testcase name="clickonContactLinkTest" time="18.944" classname="com.crm.qa.testcases.HomePageTest"/>
  <testcase name="clickonDealsLinkTest" time="15.020" classname="com.crm.qa.testcases.HomePageTest"/>
</testsuite> <!-- com.crm.qa.testcases.HomePageTest -->
