<?xml version="1.0" encoding="UTF-8"?>
<!-- Generated by org.testng.reporters.JUnitReportReporter -->
<testsuite skipped="0" hostname="netstorm-TECRA-C50-C" name="com.crm.qa.testcases.CalenderPageTest" tests="1" failures="0" timestamp="13 Feb 2018 15:36:36 GMT" time="22.046" errors="0">
  <testcase name="validateCalenderpageTest" time="22.046" classname="com.crm.qa.testcases.CalenderPageTest"/>
</testsuite> <!-- com.crm.qa.testcases.CalenderPageTest -->
