<?xml version="1.0" encoding="UTF-8"?>
<!-- Generated by org.testng.reporters.JUnitReportReporter -->
<<<<<<< HEAD
<testsuite skipped="0" hostname="netstorm-TECRA-C50-C" name="com.crm.qa.testcases.ContactPageTest" tests="1" failures="0" timestamp="26 Feb 2018 18:43:11 GMT" time="16.833" errors="0">
  <testcase name="validateContactPageTest" time="16.833" classname="com.crm.qa.testcases.ContactPageTest"/>
=======
<testsuite hostname="Pradyumnna-PC" name="com.crm.qa.testcases.ContactPageTest" tests="1" failures="0" timestamp="6 May 2018 07:08:19 GMT" time="16.459" errors="0">
  <testcase name="validateContactPageTest" time="16.459" classname="com.crm.qa.testcases.ContactPageTest"/>
>>>>>>> 95eb373b6d7c906731862ea52824ba3133b9d45d
</testsuite> <!-- com.crm.qa.testcases.ContactPageTest -->
