<?xml version="1.0" encoding="UTF-8"?>
<!-- Generated by org.testng.reporters.JUnitReportReporter -->
<testsuite hostname="Pradyumnna-PC" name="com.crm.qa.testcases.ContactPageTest" tests="1" failures="0" timestamp="6 May 2018 07:08:19 GMT" time="16.459" errors="0">
  <testcase name="validateContactPageTest" time="16.459" classname="com.crm.qa.testcases.ContactPageTest"/>
</testsuite> <!-- com.crm.qa.testcases.ContactPageTest -->
