<?xml version="1.0" encoding="UTF-8"?>
<!-- Generated by org.testng.reporters.JUnitReportReporter -->
<testsuite skipped="0" hostname="netstorm-TECRA-C50-C" name="com.crm.qa.testcases.CalenderPageTest" tests="7" failures="0" timestamp="26 Feb 2018 16:13:59 GMT" time="141.610" errors="0">
  <testcase name="validateCalenderpageTest" time="19.842" classname="com.crm.qa.testcases.CalenderPageTest"/>
  <testcase name="validateNewEventPageTest" time="19.287" classname="com.crm.qa.testcases.CalenderPageTest"/>
  <testcase name="createNewEventTest" time="22.030" classname="com.crm.qa.testcases.CalenderPageTest"/>
  <testcase name="createNewEventTest" time="20.513" classname="com.crm.qa.testcases.CalenderPageTest"/>
  <testcase name="createNewEventTest" time="18.575" classname="com.crm.qa.testcases.CalenderPageTest"/>
  <testcase name="createNewEventTest" time="16.224" classname="com.crm.qa.testcases.CalenderPageTest"/>
  <testcase name="createNewEventTest" time="25.139" classname="com.crm.qa.testcases.CalenderPageTest"/>
</testsuite> <!-- com.crm.qa.testcases.CalenderPageTest -->
