<?xml version="1.0" encoding="UTF-8"?>
<!-- Generated by org.testng.reporters.JUnitReportReporter -->
<<<<<<< HEAD
<testsuite skipped="0" hostname="netstorm-TECRA-C50-C" name="com.crm.qa.testcases.HomePageTest" tests="5" failures="0" timestamp="26 Feb 2018 19:38:07 GMT" time="86.662" errors="0">
  <testcase name="validateHomePageTest" time="20.239" classname="com.crm.qa.testcases.HomePageTest"/>
  <testcase name="clickonCalenderLinkTest" time="16.970" classname="com.crm.qa.testcases.HomePageTest"/>
  <testcase name="clickonCompaniesLinkTest" time="15.489" classname="com.crm.qa.testcases.HomePageTest"/>
  <testcase name="clickonContactLinkTest" time="18.944" classname="com.crm.qa.testcases.HomePageTest"/>
  <testcase name="clickonDealsLinkTest" time="15.020" classname="com.crm.qa.testcases.HomePageTest"/>
=======
<testsuite hostname="Pradyumnna-PC" name="com.crm.qa.testcases.HomePageTest" tests="5" failures="0" timestamp="6 May 2018 07:08:19 GMT" time="100.381" errors="0">
  <testcase name="clickonContactLinkTest" time="18.158" classname="com.crm.qa.testcases.HomePageTest"/>
  <testcase name="clickonDealsLinkTest" time="21.087" classname="com.crm.qa.testcases.HomePageTest"/>
  <testcase name="validateHomePageTest" time="18.997" classname="com.crm.qa.testcases.HomePageTest"/>
  <testcase name="clickonCompaniesLinkTest" time="21.188" classname="com.crm.qa.testcases.HomePageTest"/>
  <testcase name="clickonCalenderLinkTest" time="20.951" classname="com.crm.qa.testcases.HomePageTest"/>
>>>>>>> 95eb373b6d7c906731862ea52824ba3133b9d45d
</testsuite> <!-- com.crm.qa.testcases.HomePageTest -->
