<?xml version="1.0" encoding="UTF-8"?>
<!-- Generated by org.testng.reporters.JUnitReportReporter -->
<testsuite skipped="0" hostname="netstorm-TECRA-C50-C" name="com.crm.qa.testcases.LoginPageTest" tests="3" failures="0" timestamp="11 Feb 2018 18:01:45 GMT" time="46.078" errors="0">
  <testcase name="crmLoginPageTitleTest" time="6.527" classname="com.crm.qa.testcases.LoginPageTest"/>
  <testcase name="crmLoginPageLogoTest" time="21.803" classname="com.crm.qa.testcases.LoginPageTest"/>
  <testcase name="crmValideUserLoginTest" time="17.748" classname="com.crm.qa.testcases.LoginPageTest"/>
</testsuite> <!-- com.crm.qa.testcases.LoginPageTest -->
