<?xml version="1.0" encoding="UTF-8"?>
<!-- Generated by org.testng.reporters.JUnitReportReporter -->
<testsuite skipped="0" hostname="netstorm-TECRA-C50-C" name="com.crm.qa.testcases.CalenderPageTest" tests="1" failures="0" timestamp="26 Feb 2018 18:43:11 GMT" time="19.832" errors="0">
  <testcase name="validateCalenderpageTest" time="19.832" classname="com.crm.qa.testcases.CalenderPageTest"/>
</testsuite> <!-- com.crm.qa.testcases.CalenderPageTest -->
