<?xml version="1.0" encoding="UTF-8"?>
<!-- Generated by org.testng.reporters.JUnitReportReporter -->
<testsuite skipped="0" hostname="netstorm-TECRA-C50-C" name="com.crm.qa.testcases.ContactPageTest" tests="1" failures="0" timestamp="25 Feb 2018 20:09:50 GMT" time="18.819" errors="0">
  <testcase name="validateContactPageTest" time="18.819" classname="com.crm.qa.testcases.ContactPageTest"/>
</testsuite> <!-- com.crm.qa.testcases.ContactPageTest -->
