<?xml version="1.0" encoding="UTF-8"?>
<!-- Generated by org.testng.reporters.JUnitReportReporter -->
<testsuite skipped="0" hostname="netstorm-TECRA-C50-C" name="com.crm.qa.testcases.CalenderPageTest" tests="1" failures="0" timestamp="26 Oct 2018 17:55:42 GMT" time="24.546" errors="0">
  <testcase name="validateCalenderpageTest" time="24.546" classname="com.crm.qa.testcases.CalenderPageTest"/>
</testsuite> <!-- com.crm.qa.testcases.CalenderPageTest -->
