<?xml version="1.0" encoding="UTF-8"?>
<!-- Generated by org.testng.reporters.JUnitReportReporter -->
<testsuite skipped="0" hostname="netstorm-TECRA-C50-C" name="com.crm.qa.testcases.HomePageTest" tests="2" failures="0" timestamp="13 Feb 2018 06:34:55 GMT" time="41.725" errors="0">
  <testcase name="validateHomePageTest" time="18.581" classname="com.crm.qa.testcases.HomePageTest"/>
  <testcase name="clickonContactPageTest" time="23.144" classname="com.crm.qa.testcases.HomePageTest"/>
</testsuite> <!-- com.crm.qa.testcases.HomePageTest -->
