<?xml version="1.0" encoding="UTF-8"?>
<!-- Generated by org.testng.reporters.JUnitReportReporter -->
<testsuite skipped="0" hostname="netstorm-TECRA-C50-C" name="com.crm.qa.testcases.LoginPageTest" tests="3" failures="0" timestamp="13 Feb 2018 06:34:55 GMT" time="26.434" errors="0">
  <testcase name="crmLoginPageTitleTest" time="6.189" classname="com.crm.qa.testcases.LoginPageTest"/>
  <testcase name="crmLoginPageLogoTest" time="6.114" classname="com.crm.qa.testcases.LoginPageTest"/>
  <testcase name="crmValideUserLoginTest" time="14.131" classname="com.crm.qa.testcases.LoginPageTest"/>
</testsuite> <!-- com.crm.qa.testcases.LoginPageTest -->
